


          SolidWorks Corporation - STEP Processor Error Log
          ______________________________________________________

                       STEP Post Processor
                       ___________________


STEP File Name: C:\Users\Avell B155 FIRE\Desktop\ESTEVÃO\EMMA\MOTOMAN\SIA20D\sia20_top_asm.stp


As superfícies foram processadas com êxito em um corpo sólido.
STEP- importação concluída.As superfícies foram processadas com êxito em um corpo sólido.
STEP- importação concluída.As superfícies foram processadas com êxito em um corpo sólido.
STEP- importação concluída.As superfícies foram processadas com êxito em um corpo sólido.
STEP- importação concluída.As superfícies foram processadas com êxito em um corpo sólido.
STEP- importação concluída.As superfícies foram processadas com êxito em um corpo sólido.
STEP- importação concluída.As superfícies foram processadas com êxito em um corpo sólido.
STEP- importação concluída.As superfícies foram processadas com êxito em um corpo sólido.
STEP- importação concluída.As superfícies foram processadas com êxito em um corpo sólido.
STEP- importação concluída.As superfícies foram processadas com êxito em um corpo sólido.
STEP- importação concluída.As superfícies foram processadas com êxito em um corpo sólido.
STEP- importação concluída.As superfícies foram processadas com êxito em um corpo sólido.
STEP- importação concluída.As superfícies foram processadas com êxito em um corpo sólido.
STEP- importação concluída.As superfícies foram processadas com êxito em um corpo sólido.
STEP- importação concluída.As superfícies foram processadas com êxito em um corpo sólido.
STEP- importação concluída.As superfícies foram processadas com êxito em um corpo sólido.
STEP- importação concluída.As superfícies foram processadas com êxito em um corpo sólido.
STEP- importação concluída.As superfícies foram processadas com êxito em um corpo sólido.
STEP- importação concluída.As superfícies foram processadas com êxito em um corpo sólido.
STEP- importação concluída.As superfícies foram processadas com êxito em um corpo sólido.
STEP- importação concluída.As superfícies foram processadas com êxito em um corpo sólido.
STEP- importação concluída.As superfícies foram processadas com êxito em um corpo sólido.
STEP- importação concluída.As superfícies foram processadas com êxito em um corpo sólido.
STEP- importação concluída.As superfícies foram processadas com êxito em um corpo sólido.
STEP- importação concluída.As superfícies foram processadas com êxito em um corpo sólido.
STEP- importação concluída.As superfícies foram processadas com êxito em um corpo sólido.
STEP- importação concluída.As superfícies foram processadas com êxito em um corpo sólido.
STEP- importação concluída.As superfícies foram processadas com êxito em um corpo sólido.
STEP- importação concluída.As superfícies foram processadas com êxito em um corpo sólido.
STEP- importação concluída.As superfícies foram processadas com êxito em um corpo sólido.
STEP- importação concluída.As superfícies foram processadas com êxito em um corpo sólido.
STEP- importação concluída.As superfícies foram processadas com êxito em um corpo sólido.
STEP- importação concluída.As superfícies foram processadas com êxito em um corpo sólido.
STEP- importação concluída.As superfícies foram processadas com êxito em um corpo sólido.
STEP- importação concluída.As superfícies foram processadas com êxito em um corpo sólido.
STEP- importação concluída.As superfícies foram processadas com êxito em um corpo sólido.
STEP- importação concluída.As superfícies foram processadas com êxito em um corpo sólido.
STEP- importação concluída.As superfícies foram processadas com êxito em um corpo sólido.
STEP- importação concluída.As superfícies foram processadas com êxito em um corpo sólido.
STEP- importação concluída.
Error: Não foi possível criar o sólido a partir das superfícies aparadas.
STEP-importação não foi concluída com êxito.
As superfícies foram processadas com êxito em um corpo sólido.
STEP- importação concluída.As superfícies foram processadas com êxito em um corpo sólido.
STEP- importação concluída.As superfícies foram processadas com êxito em um corpo sólido.
STEP- importação concluída.As superfícies foram processadas com êxito em um corpo sólido.
STEP- importação concluída.As superfícies foram processadas com êxito em um corpo sólido.
STEP- importação concluída.As superfícies foram processadas com êxito em um corpo sólido.
STEP- importação concluída.As superfícies foram processadas com êxito em um corpo sólido.
STEP- importação concluída.As superfícies foram processadas com êxito em um corpo sólido.
STEP- importação concluída.As superfícies foram processadas com êxito em um corpo sólido.
STEP- importação concluída.As superfícies foram processadas com êxito em um corpo sólido.
STEP- importação concluída.As superfícies foram processadas com êxito em um corpo sólido.
STEP- importação concluída.As superfícies foram processadas com êxito em um corpo sólido.
STEP- importação concluída.As superfícies foram processadas com êxito em um corpo sólido.
STEP- importação concluída.As superfícies foram processadas com êxito em um corpo sólido.
STEP- importação concluída.As superfícies foram processadas com êxito em um corpo sólido.
STEP- importação concluída.As superfícies foram processadas com êxito em um corpo sólido.
STEP- importação concluída.As superfícies foram processadas com êxito em um corpo sólido.
STEP- importação concluída.As superfícies foram processadas com êxito em um corpo sólido.
STEP- importação concluída.As superfícies foram processadas com êxito em um corpo sólido.
STEP- importação concluída.As superfícies foram processadas com êxito em um corpo sólido.
STEP- importação concluída.As superfícies foram processadas com êxito em um corpo sólido.
STEP- importação concluída.As superfícies foram processadas com êxito em um corpo sólido.
STEP- importação concluída.As superfícies foram processadas com êxito em um corpo sólido.
STEP- importação concluída.As superfícies foram processadas com êxito em um corpo sólido.
STEP- importação concluída.As superfícies foram processadas com êxito em um corpo sólido.
STEP- importação concluída.As superfícies foram processadas com êxito em um corpo sólido.
STEP- importação concluída.As superfícies foram processadas com êxito em um corpo sólido.
STEP- importação concluída.As superfícies foram processadas com êxito em um corpo sólido.
STEP- importação concluída.As superfícies foram processadas com êxito em um corpo sólido.
STEP- importação concluída.As superfícies foram processadas com êxito em um corpo sólido.
STEP- importação concluída.As superfícies foram processadas com êxito em um corpo sólido.
STEP- importação concluída.As superfícies foram processadas com êxito em um corpo sólido.
STEP- importação concluída.As superfícies foram processadas com êxito em um corpo sólido.
STEP- importação concluída.As superfícies foram processadas com êxito em um corpo sólido.
STEP- importação concluída.As superfícies foram processadas com êxito em um corpo sólido.
STEP- importação concluída.As superfícies foram processadas com êxito em um corpo sólido.
STEP- importação concluída.As superfícies foram processadas com êxito em um corpo sólido.
STEP- importação concluída.As superfícies foram processadas com êxito em um corpo sólido.
STEP- importação concluída.As superfícies foram processadas com êxito em um corpo sólido.
STEP- importação concluída.As superfícies foram processadas com êxito em um corpo sólido.
STEP- importação concluída.As superfícies foram processadas com êxito em um corpo sólido.
STEP- importação concluída.As superfícies foram processadas com êxito em um corpo sólido.
STEP- importação concluída.As superfícies foram processadas com êxito em um corpo sólido.
STEP- importação concluída.As superfícies foram processadas com êxito em um corpo sólido.
STEP- importação concluída.As superfícies foram processadas com êxito em um corpo sólido.
STEP- importação concluída.As superfícies foram processadas com êxito em um corpo sólido.
STEP- importação concluída.As superfícies foram processadas com êxito em um corpo sólido.
STEP- importação concluída.As superfícies foram processadas com êxito em um corpo sólido.
STEP- importação concluída.As superfícies foram processadas com êxito em um corpo sólido.
STEP- importação concluída.
Error: Não foi possível criar o sólido a partir das superfícies aparadas.
STEP-importação não foi concluída com êxito.
As superfícies foram processadas com êxito em um corpo sólido.
STEP- importação concluída.As superfícies foram processadas com êxito em um corpo sólido.
STEP- importação concluída.
Error: Não foi possível criar o sólido a partir das superfícies aparadas.
STEP-importação não foi concluída com êxito.
As superfícies foram processadas com êxito em um corpo sólido.
STEP- importação concluída.As superfícies foram processadas com êxito em um corpo sólido.
STEP- importação concluída.As superfícies foram processadas com êxito em um corpo sólido.
STEP- importação concluída.As superfícies foram processadas com êxito em um corpo sólido.
STEP- importação concluída.As superfícies foram processadas com êxito em um corpo sólido.
STEP- importação concluída.As superfícies foram processadas com êxito em um corpo sólido.
STEP- importação concluída.As superfícies foram processadas com êxito em um corpo sólido.
STEP- importação concluída.As superfícies foram processadas com êxito em um corpo sólido.
STEP- importação concluída.As superfícies foram processadas com êxito em um corpo sólido.
STEP- importação concluída.As superfícies foram processadas com êxito em um corpo sólido.
STEP- importação concluída.As superfícies foram processadas com êxito em um corpo sólido.
STEP- importação concluída.As superfícies foram processadas com êxito em um corpo sólido.
STEP- importação concluída.As superfícies foram processadas com êxito em um corpo sólido.
STEP- importação concluída.As superfícies foram processadas com êxito em um corpo sólido.
STEP- importação concluída.As superfícies foram processadas com êxito em um corpo sólido.
STEP- importação concluída.As superfícies foram processadas com êxito em um corpo sólido.
STEP- importação concluída.As superfícies foram processadas com êxito em um corpo sólido.
STEP- importação concluída.As superfícies foram processadas com êxito em um corpo sólido.
STEP- importação concluída.
Error: Não foi possível criar o sólido a partir das superfícies aparadas.
STEP-importação não foi concluída com êxito.
As superfícies foram processadas com êxito em um corpo sólido.
STEP- importação concluída.As superfícies foram processadas com êxito em um corpo sólido.
STEP- importação concluída.As superfícies foram processadas com êxito em um corpo sólido.
STEP- importação concluída.As superfícies foram processadas com êxito em um corpo sólido.
STEP- importação concluída.As superfícies foram processadas com êxito em um corpo sólido.
STEP- importação concluída.As superfícies foram processadas com êxito em um corpo sólido.
STEP- importação concluída.As superfícies foram processadas com êxito em um corpo sólido.
STEP- importação concluída.As superfícies foram processadas com êxito em um corpo sólido.
STEP- importação concluída.As superfícies foram processadas com êxito em um corpo sólido.
STEP- importação concluída.As superfícies foram processadas com êxito em um corpo sólido.
STEP- importação concluída.As superfícies foram processadas com êxito em um corpo sólido.
STEP- importação concluída.As superfícies foram processadas com êxito em um corpo sólido.
STEP- importação concluída.As superfícies foram processadas com êxito em um corpo sólido.
STEP- importação concluída.As superfícies foram processadas com êxito em um corpo sólido.
STEP- importação concluída.As superfícies foram processadas com êxito em um corpo sólido.
STEP- importação concluída.As superfícies foram processadas com êxito em um corpo sólido.
STEP- importação concluída.As superfícies foram processadas com êxito em um corpo sólido.
STEP- importação concluída.As superfícies foram processadas com êxito em um corpo sólido.
STEP- importação concluída.As superfícies foram processadas com êxito em um corpo sólido.
STEP- importação concluída.As superfícies foram processadas com êxito em um corpo sólido.
STEP- importação concluída.As superfícies foram processadas com êxito em um corpo sólido.
STEP- importação concluída.As superfícies foram processadas com êxito em um corpo sólido.
STEP- importação concluída.As superfícies foram processadas com êxito em um corpo sólido.
STEP- importação concluída.As superfícies foram processadas com êxito em um corpo sólido.
STEP- importação concluída.As superfícies foram processadas com êxito em um corpo sólido.
STEP- importação concluída.As superfícies foram processadas com êxito em um corpo sólido.
STEP- importação concluída.As superfícies foram processadas com êxito em um corpo sólido.
STEP- importação concluída.As superfícies foram processadas com êxito em um corpo sólido.
STEP- importação concluída.As superfícies foram processadas com êxito em um corpo sólido.
STEP- importação concluída.As superfícies foram processadas com êxito em um corpo sólido.
STEP- importação concluída.As superfícies foram processadas com êxito em um corpo sólido.
STEP- importação concluída.As superfícies foram processadas com êxito em um corpo sólido.
STEP- importação concluída.As superfícies foram processadas com êxito em um corpo sólido.
STEP- importação concluída.As superfícies foram processadas com êxito em um corpo sólido.
STEP- importação concluída.As superfícies foram processadas com êxito em um corpo sólido.
STEP- importação concluída.As superfícies foram processadas com êxito em um corpo sólido.
STEP- importação concluída.As superfícies foram processadas com êxito em um corpo sólido.
STEP- importação concluída.As superfícies foram processadas com êxito em um corpo sólido.
STEP- importação concluída.
Error: Não foi possível criar o sólido a partir das superfícies aparadas.
STEP-importação não foi concluída com êxito.
As superfícies foram processadas com êxito em um corpo sólido.
STEP- importação concluída.As superfícies foram processadas com êxito em um corpo sólido.
STEP- importação concluída.
Error: Não foi possível criar o sólido a partir das superfícies aparadas.
STEP-importação não foi concluída com êxito.
As superfícies foram processadas com êxito em um corpo sólido.
STEP- importação concluída.As superfícies foram processadas com êxito em um corpo sólido.
STEP- importação concluída.As superfícies foram processadas com êxito em um corpo sólido.
STEP- importação concluída.As superfícies foram processadas com êxito em um corpo sólido.
STEP- importação concluída.As superfícies foram processadas com êxito em um corpo sólido.
STEP- importação concluída.As superfícies foram processadas com êxito em um corpo sólido.
STEP- importação concluída.As superfícies foram processadas com êxito em um corpo sólido.
STEP- importação concluída.As superfícies foram processadas com êxito em um corpo sólido.
STEP- importação concluída.As superfícies foram processadas com êxito em um corpo sólido.
STEP- importação concluída.As superfícies foram processadas com êxito em um corpo sólido.
STEP- importação concluída.As superfícies foram processadas com êxito em um corpo sólido.
STEP- importação concluída.As superfícies foram processadas com êxito em um corpo sólido.
STEP- importação concluída.As superfícies foram processadas com êxito em um corpo sólido.
STEP- importação concluída.As superfícies foram processadas com êxito em um corpo sólido.
STEP- importação concluída.As superfícies foram processadas com êxito em um corpo sólido.
STEP- importação concluída.As superfícies foram processadas com êxito em um corpo sólido.
STEP- importação concluída.
Error: Não foi possível criar o sólido a partir das superfícies aparadas.
STEP-importação não foi concluída com êxito.
As superfícies foram processadas com êxito em um corpo sólido.
STEP- importação concluída.As superfícies foram processadas com êxito em um corpo sólido.
STEP- importação concluída.As superfícies foram processadas com êxito em um corpo sólido.
STEP- importação concluída.As superfícies foram processadas com êxito em um corpo sólido.
STEP- importação concluída.As superfícies foram processadas com êxito em um corpo sólido.
STEP- importação concluída.As superfícies foram processadas com êxito em um corpo sólido.
STEP- importação concluída.As superfícies foram processadas com êxito em um corpo sólido.
STEP- importação concluída.As superfícies foram processadas com êxito em um corpo sólido.
STEP- importação concluída.As superfícies foram processadas com êxito em um corpo sólido.
STEP- importação concluída.As superfícies foram processadas com êxito em um corpo sólido.
STEP- importação concluída.As superfícies foram processadas com êxito em um corpo sólido.
STEP- importação concluída.As superfícies foram processadas com êxito em um corpo sólido.
STEP- importação concluída.As superfícies foram processadas com êxito em um corpo sólido.
STEP- importação concluída.As superfícies foram processadas com êxito em um corpo sólido.
STEP- importação concluída.As superfícies foram processadas com êxito em um corpo sólido.
STEP- importação concluída.As superfícies foram processadas com êxito em um corpo sólido.
STEP- importação concluída.As superfícies foram processadas com êxito em um corpo sólido.
STEP- importação concluída.As superfícies foram processadas com êxito em um corpo sólido.
STEP- importação concluída.As superfícies foram processadas com êxito em um corpo sólido.
STEP- importação concluída.As superfícies foram processadas com êxito em um corpo sólido.
STEP- importação concluída.As superfícies foram processadas com êxito em um corpo sólido.
STEP- importação concluída.As superfícies foram processadas com êxito em um corpo sólido.
STEP- importação concluída.As superfícies foram processadas com êxito em um corpo sólido.
STEP- importação concluída.As superfícies foram processadas com êxito em um corpo sólido.
STEP- importação concluída.As superfícies foram processadas com êxito em um corpo sólido.
STEP- importação concluída.As superfícies foram processadas com êxito em um corpo sólido.
STEP- importação concluída.As superfícies foram processadas com êxito em um corpo sólido.
STEP- importação concluída.As superfícies foram processadas com êxito em um corpo sólido.
STEP- importação concluída.As superfícies foram processadas com êxito em um corpo sólido.
STEP- importação concluída.As superfícies foram processadas com êxito em um corpo sólido.
STEP- importação concluída.As superfícies foram processadas com êxito em um corpo sólido.
STEP- importação concluída.As superfícies foram processadas com êxito em um corpo sólido.
STEP- importação concluída.As superfícies foram processadas com êxito em um corpo sólido.
STEP- importação concluída.As superfícies foram processadas com êxito em um corpo sólido.
STEP- importação concluída.As superfícies foram processadas com êxito em um corpo sólido.
STEP- importação concluída.As superfícies foram processadas com êxito em um corpo sólido.
STEP- importação concluída.As superfícies foram processadas com êxito em um corpo sólido.
STEP- importação concluída.As superfícies foram processadas com êxito em um corpo sólido.
STEP- importação concluída.
Error: Não foi possível criar o sólido a partir das superfícies aparadas.
STEP-importação não foi concluída com êxito.
As superfícies foram processadas com êxito em um corpo sólido.
STEP- importação concluída.As superfícies foram processadas com êxito em um corpo sólido.
STEP- importação concluída.As superfícies foram processadas com êxito em um corpo sólido.
STEP- importação concluída.As superfícies foram processadas com êxito em um corpo sólido.
STEP- importação concluída.As superfícies foram processadas com êxito em um corpo sólido.
STEP- importação concluída.As superfícies foram processadas com êxito em um corpo sólido.
STEP- importação concluída.As superfícies foram processadas com êxito em um corpo sólido.
STEP- importação concluída.As superfícies foram processadas com êxito em um corpo sólido.
STEP- importação concluída.As superfícies foram processadas com êxito em um corpo sólido.
STEP- importação concluída.As superfícies foram processadas com êxito em um corpo sólido.
STEP- importação concluída.As superfícies foram processadas com êxito em um corpo sólido.
STEP- importação concluída.As superfícies foram processadas com êxito em um corpo sólido.
STEP- importação concluída.As superfícies foram processadas com êxito em um corpo sólido.
STEP- importação concluída.As superfícies foram processadas com êxito em um corpo sólido.
STEP- importação concluída.As superfícies foram processadas com êxito em um corpo sólido.
STEP- importação concluída.As superfícies foram processadas com êxito em um corpo sólido.
STEP- importação concluída.As superfícies foram processadas com êxito em um corpo sólido.
STEP- importação concluída.As superfícies foram processadas com êxito em um corpo sólido.
STEP- importação concluída.As superfícies foram processadas com êxito em um corpo sólido.
STEP- importação concluída.As superfícies foram processadas com êxito em um corpo sólido.
STEP- importação concluída.As superfícies foram processadas com êxito em um corpo sólido.
STEP- importação concluída.As superfícies foram processadas com êxito em um corpo sólido.
STEP- importação concluída.As superfícies foram processadas com êxito em um corpo sólido.
STEP- importação concluída.As superfícies foram processadas com êxito em um corpo sólido.
STEP- importação concluída.As superfícies foram processadas com êxito em um corpo sólido.
STEP- importação concluída.As superfícies foram processadas com êxito em um corpo sólido.
STEP- importação concluída.As superfícies foram processadas com êxito em um corpo sólido.
STEP- importação concluída.As superfícies foram processadas com êxito em um corpo sólido.
STEP- importação concluída.As superfícies foram processadas com êxito em um corpo sólido.
STEP- importação concluída.As superfícies foram processadas com êxito em um corpo sólido.
STEP- importação concluída.As superfícies foram processadas com êxito em um corpo sólido.
STEP- importação concluída.As superfícies foram processadas com êxito em um corpo sólido.
STEP- importação concluída.As superfícies foram processadas com êxito em um corpo sólido.
STEP- importação concluída.As superfícies foram processadas com êxito em um corpo sólido.
STEP- importação concluída.As superfícies foram processadas com êxito em um corpo sólido.
STEP- importação concluída.As superfícies foram processadas com êxito em um corpo sólido.
STEP- importação concluída.As superfícies foram processadas com êxito em um corpo sólido.
STEP- importação concluída.As superfícies foram processadas com êxito em um corpo sólido.
STEP- importação concluída.
Error: Não foi possível criar o sólido a partir das superfícies aparadas.
STEP-importação não foi concluída com êxito.
As superfícies foram processadas com êxito em um corpo sólido.
STEP- importação concluída.As superfícies foram processadas com êxito em um corpo sólido.
STEP- importação concluída.As superfícies foram processadas com êxito em um corpo sólido.
STEP- importação concluída.As superfícies foram processadas com êxito em um corpo sólido.
STEP- importação concluída.As superfícies foram processadas com êxito em um corpo sólido.
STEP- importação concluída.As superfícies foram processadas com êxito em um corpo sólido.
STEP- importação concluída.As superfícies foram processadas com êxito em um corpo sólido.
STEP- importação concluída.As superfícies foram processadas com êxito em um corpo sólido.
STEP- importação concluída.As superfícies foram processadas com êxito em um corpo sólido.
STEP- importação concluída.As superfícies foram processadas com êxito em um corpo sólido.
STEP- importação concluída.As superfícies foram processadas com êxito em um corpo sólido.
STEP- importação concluída.As superfícies foram processadas com êxito em um corpo sólido.
STEP- importação concluída.
Error: Não foi possível criar o sólido a partir das superfícies aparadas.
STEP-importação não foi concluída com êxito.
As superfícies foram processadas com êxito em um corpo sólido.
STEP- importação concluída.
Error: Não foi possível criar o sólido a partir das superfícies aparadas.
STEP-importação não foi concluída com êxito.
As superfícies foram processadas com êxito em um corpo sólido.
STEP- importação concluída.As superfícies foram processadas com êxito em um corpo sólido.
STEP- importação concluída.As superfícies foram processadas com êxito em um corpo sólido.
STEP- importação concluída.
Error: Não foi possível criar o sólido a partir das superfícies aparadas.
STEP-importação não foi concluída com êxito.
As superfícies foram processadas com êxito em um corpo sólido.
STEP- importação concluída.As superfícies foram processadas com êxito em um corpo sólido.
STEP- importação concluída.As superfícies foram processadas com êxito em um corpo sólido.
STEP- importação concluída.As superfícies foram processadas com êxito em um corpo sólido.
STEP- importação concluída.As superfícies foram processadas com êxito em um corpo sólido.
STEP- importação concluída.As superfícies foram processadas com êxito em um corpo sólido.
STEP- importação concluída.As superfícies foram processadas com êxito em um corpo sólido.
STEP- importação concluída.As superfícies foram processadas com êxito em um corpo sólido.
STEP- importação concluída.As superfícies foram processadas com êxito em um corpo sólido.
STEP- importação concluída.As superfícies foram processadas com êxito em um corpo sólido.
STEP- importação concluída.
Error: Não foi possível criar o sólido a partir das superfícies aparadas.
STEP-importação não foi concluída com êxito.
As superfícies foram processadas com êxito em um corpo sólido.
STEP- importação concluída.As superfícies foram processadas com êxito em um corpo sólido.
STEP- importação concluída.As superfícies foram processadas com êxito em um corpo sólido.
STEP- importação concluída.As superfícies foram processadas com êxito em um corpo sólido.
STEP- importação concluída.As superfícies foram processadas com êxito em um corpo sólido.
STEP- importação concluída.As superfícies foram processadas com êxito em um corpo sólido.
STEP- importação concluída.As superfícies foram processadas com êxito em um corpo sólido.
STEP- importação concluída.As superfícies foram processadas com êxito em um corpo sólido.
STEP- importação concluída.As superfícies foram processadas com êxito em um corpo sólido.
STEP- importação concluída.As superfícies foram processadas com êxito em um corpo sólido.
STEP- importação concluída.As superfícies foram processadas com êxito em um corpo sólido.
STEP- importação concluída.As superfícies foram processadas com êxito em um corpo sólido.
STEP- importação concluída.As superfícies foram processadas com êxito em um corpo sólido.
STEP- importação concluída.As superfícies foram processadas com êxito em um corpo sólido.
STEP- importação concluída.As superfícies foram processadas com êxito em um corpo sólido.
STEP- importação concluída.As superfícies foram processadas com êxito em um corpo sólido.
STEP- importação concluída.As superfícies foram processadas com êxito em um corpo sólido.
STEP- importação concluída.As superfícies foram processadas com êxito em um corpo sólido.
STEP- importação concluída.As superfícies foram processadas com êxito em um corpo sólido.
STEP- importação concluída.As superfícies foram processadas com êxito em um corpo sólido.
STEP- importação concluída.As superfícies foram processadas com êxito em um corpo sólido.
STEP- importação concluída.As superfícies foram processadas com êxito em um corpo sólido.
STEP- importação concluída.As superfícies foram processadas com êxito em um corpo sólido.
STEP- importação concluída.As superfícies foram processadas com êxito em um corpo sólido.
STEP- importação concluída.As superfícies foram processadas com êxito em um corpo sólido.
STEP- importação concluída.
Error: Não foi possível criar o sólido a partir das superfícies aparadas.
STEP-importação não foi concluída com êxito.
As superfícies foram processadas com êxito em um corpo sólido.
STEP- importação concluída.As superfícies foram processadas com êxito em um corpo sólido.
STEP- importação concluída.As superfícies foram processadas com êxito em um corpo sólido.
STEP- importação concluída.As superfícies foram processadas com êxito em um corpo sólido.
STEP- importação concluída.As superfícies foram processadas com êxito em um corpo sólido.
STEP- importação concluída.As superfícies foram processadas com êxito em um corpo sólido.
STEP- importação concluída.As superfícies foram processadas com êxito em um corpo sólido.
STEP- importação concluída.As superfícies foram processadas com êxito em um corpo sólido.
STEP- importação concluída.As superfícies foram processadas com êxito em um corpo sólido.
STEP- importação concluída.As superfícies foram processadas com êxito em um corpo sólido.
STEP- importação concluída.As superfícies foram processadas com êxito em um corpo sólido.
STEP- importação concluída.As superfícies foram processadas com êxito em um corpo sólido.
STEP- importação concluída.As superfícies foram processadas com êxito em um corpo sólido.
STEP- importação concluída.As superfícies foram processadas com êxito em um corpo sólido.
STEP- importação concluída.As superfícies foram processadas com êxito em um corpo sólido.
STEP- importação concluída.As superfícies foram processadas com êxito em um corpo sólido.
STEP- importação concluída.As superfícies foram processadas com êxito em um corpo sólido.
STEP- importação concluída.As superfícies foram processadas com êxito em um corpo sólido.
STEP- importação concluída.As superfícies foram processadas com êxito em um corpo sólido.
STEP- importação concluída.As superfícies foram processadas com êxito em um corpo sólido.
STEP- importação concluída.As superfícies foram processadas com êxito em um corpo sólido.
STEP- importação concluída.As superfícies foram processadas com êxito em um corpo sólido.
STEP- importação concluída.As superfícies foram processadas com êxito em um corpo sólido.
STEP- importação concluída.As superfícies foram processadas com êxito em um corpo sólido.
STEP- importação concluída.As superfícies foram processadas com êxito em um corpo sólido.
STEP- importação concluída.As superfícies foram processadas com êxito em um corpo sólido.
STEP- importação concluída.As superfícies foram processadas com êxito em um corpo sólido.
STEP- importação concluída.
Error: Não foi possível criar o sólido a partir das superfícies aparadas.
STEP-importação não foi concluída com êxito.
As superfícies foram processadas com êxito em um corpo sólido.
STEP- importação concluída.As superfícies foram processadas com êxito em um corpo sólido.
STEP- importação concluída.As superfícies foram processadas com êxito em um corpo sólido.
STEP- importação concluída.As superfícies foram processadas com êxito em um corpo sólido.
STEP- importação concluída.As superfícies foram processadas com êxito em um corpo sólido.
STEP- importação concluída.As superfícies foram processadas com êxito em um corpo sólido.
STEP- importação concluída.As superfícies foram processadas com êxito em um corpo sólido.
STEP- importação concluída.As superfícies foram processadas com êxito em um corpo sólido.
STEP- importação concluída.As superfícies foram processadas com êxito em um corpo sólido.
STEP- importação concluída.As superfícies foram processadas com êxito em um corpo sólido.
STEP- importação concluída.As superfícies foram processadas com êxito em um corpo sólido.
STEP- importação concluída.
Error: Não foi possível criar o sólido a partir das superfícies aparadas.
STEP-importação não foi concluída com êxito.
As superfícies foram processadas com êxito em um corpo sólido.
STEP- importação concluída.As superfícies foram processadas com êxito em um corpo sólido.
STEP- importação concluída.
Error: Não foi possível criar o sólido a partir das superfícies aparadas.
STEP-importação não foi concluída com êxito.
As superfícies foram processadas com êxito em um corpo sólido.
STEP- importação concluída.As superfícies foram processadas com êxito em um corpo sólido.
STEP- importação concluída.As superfícies foram processadas com êxito em um corpo sólido.
STEP- importação concluída.